
> sensai@0.1.0 dev
> next dev --turbopack

   ▲ Next.js 15.4.5 (Turbopack)
   - Local:        http://localhost:3000
   - Network:      http://192.168.29.15:3000
   - Environments: .env.local
   - Experiments (use with caution):
     · turbo

 ✓ Starting...
 ⚠ The config property `experimental.turbo` is deprecated. Move this setting to `config.turbopack` as Turbopack is now stable.
 ✓ Compiled middleware in 122ms
 ✓ Ready in 2.4s
 ○ Compiling / ...
 ✓ Compiled / in 3.1s
 GET / 200 in 3678ms
 ✓ Compiled middleware in 6ms
 ✓ Compiled in 234ms
 ✓ Compiled /login in 353ms
 GET /login?callbackUrl=http%3A%2F%2Flocalhost%3A3000%2F 200 in 474ms
 ✓ Compiled /api/auth/[...nextauth] in 325ms
 GET /api/auth/session 200 in 1421ms
 GET /api/auth/session 200 in 73ms
 GET /api/auth/providers 200 in 158ms
 GET /api/auth/csrf 200 in 142ms
 POST /api/auth/signin/google 200 in 506ms
 GET /login?callbackUrl=http%3A%2F%2Flocalhost%3A3000%2F 200 in 267ms
 GET /api/auth/session 200 in 188ms
 GET /api/auth/session 200 in 154ms
 GET /login?callbackUrl=http%3A%2F%2Flocalhost%3A3000%2F 200 in 251ms
 GET /api/auth/session 200 in 167ms
 GET /api/auth/session 200 in 152ms
 GET /login?callbackUrl=http%3A%2F%2Flocalhost%3A3000%2F 200 in 183ms
 GET /api/auth/session 200 in 88ms
